27/10/16 05:03:30 PM | ERROR: [8] Constant SITE_ROOT already defined
Notice on line 3 in file /home/ubuntu/workspace/Projecte_1.0/modules/frontend_products/model/model/frontend_products_model.class.singleton.php
 | frontend_products | response 200
27/10/16 05:03:30 PM | ERROR: [8] Constant SITE_ROOT already defined
Notice on line 3 in file /home/ubuntu/workspace/Projecte_1.0/modules/frontend_products/model/BLL/frontend_products_bll.class.singleton.php
 | frontend_products | response 200
27/10/16 05:03:30 PM | ERROR: [8] Constant SITE_ROOT already defined
Notice on line 3 in file /home/ubuntu/workspace/Projecte_1.0/model/Conf.class.singleton.php
 | frontend_products | response 200
27/10/16 05:03:30 PM | ERROR: [8] Constant MODEL_PATH already defined
Notice on line 4 in file /home/ubuntu/workspace/Projecte_1.0/model/Conf.class.singleton.php
 | frontend_products | response 200
27/10/16 05:03:31 PM | ERROR: [8] Constant SITE_ROOT already defined
Notice on line 3 in file /home/ubuntu/workspace/Projecte_1.0/modules/frontend_products/model/model/frontend_products_model.class.singleton.php
 | frontend_products | response 200
27/10/16 05:03:31 PM | ERROR: [8] Constant SITE_ROOT already defined
Notice on line 3 in file /home/ubuntu/workspace/Projecte_1.0/modules/frontend_products/model/BLL/frontend_products_bll.class.singleton.php
 | frontend_products | response 200
27/10/16 05:03:31 PM | ERROR: [8] Constant SITE_ROOT already defined
Notice on line 3 in file /home/ubuntu/workspace/Projecte_1.0/model/Conf.class.singleton.php
 | frontend_products | response 200
27/10/16 05:03:31 PM | ERROR: [8] Constant MODEL_PATH already defined
Notice on line 4 in file /home/ubuntu/workspace/Projecte_1.0/model/Conf.class.singleton.php
 | frontend_products | response 200
27/10/16 05:07:34 PM | ERROR: [8] Constant SITE_ROOT already defined
Notice on line 3 in file /home/ubuntu/workspace/Projecte_1.0/modules/frontend_products/model/model/frontend_products_model.class.singleton.php
 | frontend_products | response 200
27/10/16 05:07:34 PM | ERROR: [8] Constant SITE_ROOT already defined
Notice on line 3 in file /home/ubuntu/workspace/Projecte_1.0/modules/frontend_products/model/BLL/frontend_products_bll.class.singleton.php
 | frontend_products | response 200
27/10/16 05:07:34 PM | ERROR: [8] Constant SITE_ROOT already defined
Notice on line 3 in file /home/ubuntu/workspace/Projecte_1.0/model/Conf.class.singleton.php
 | frontend_products | response 200
27/10/16 05:07:34 PM | ERROR: [8] Constant MODEL_PATH already defined
Notice on line 4 in file /home/ubuntu/workspace/Projecte_1.0/model/Conf.class.singleton.php
 | frontend_products | response 200
27/10/16 05:07:34 PM | ERROR: [8] Constant SITE_ROOT already defined
Notice on line 3 in file /home/ubuntu/workspace/Projecte_1.0/modules/frontend_products/model/model/frontend_products_model.class.singleton.php
 | frontend_products | response 200
27/10/16 05:07:34 PM | ERROR: [8] Constant SITE_ROOT already defined
Notice on line 3 in file /home/ubuntu/workspace/Projecte_1.0/modules/frontend_products/model/BLL/frontend_products_bll.class.singleton.php
 | frontend_products | response 200
27/10/16 05:07:34 PM | ERROR: [8] Constant SITE_ROOT already defined
Notice on line 3 in file /home/ubuntu/workspace/Projecte_1.0/model/Conf.class.singleton.php
 | frontend_products | response 200
27/10/16 05:07:34 PM | ERROR: [8] Constant MODEL_PATH already defined
Notice on line 4 in file /home/ubuntu/workspace/Projecte_1.0/model/Conf.class.singleton.php
 | frontend_products | response 200
27/10/16 05:07:37 PM | ERROR: [8] Constant SITE_ROOT already defined
Notice on line 3 in file /home/ubuntu/workspace/Projecte_1.0/modules/frontend_products/model/model/frontend_products_model.class.singleton.php
 | frontend_products | response 200
27/10/16 05:07:37 PM | ERROR: [8] Constant SITE_ROOT already defined
Notice on line 3 in file /home/ubuntu/workspace/Projecte_1.0/modules/frontend_products/model/BLL/frontend_products_bll.class.singleton.php
 | frontend_products | response 200
27/10/16 05:07:37 PM | ERROR: [8] Constant SITE_ROOT already defined
Notice on line 3 in file /home/ubuntu/workspace/Projecte_1.0/model/Conf.class.singleton.php
 | frontend_products | response 200
27/10/16 05:07:37 PM | ERROR: [8] Constant MODEL_PATH already defined
Notice on line 4 in file /home/ubuntu/workspace/Projecte_1.0/model/Conf.class.singleton.php
 | frontend_products | response 200
27/10/16 05:07:37 PM | ERROR: [8] Constant SITE_ROOT already defined
Notice on line 3 in file /home/ubuntu/workspace/Projecte_1.0/modules/frontend_products/model/model/frontend_products_model.class.singleton.php
 | frontend_products | response 200
27/10/16 05:07:37 PM | ERROR: [8] Constant SITE_ROOT already defined
Notice on line 3 in file /home/ubuntu/workspace/Projecte_1.0/modules/frontend_products/model/BLL/frontend_products_bll.class.singleton.php
 | frontend_products | response 200
27/10/16 05:07:37 PM | ERROR: [8] Constant SITE_ROOT already defined
Notice on line 3 in file /home/ubuntu/workspace/Projecte_1.0/model/Conf.class.singleton.php
 | frontend_products | response 200
27/10/16 05:07:37 PM | ERROR: [8] Constant MODEL_PATH already defined
Notice on line 4 in file /home/ubuntu/workspace/Projecte_1.0/model/Conf.class.singleton.php
 | frontend_products | response 200
27/10/16 05:07:51 PM | ERROR: [8] Constant SITE_ROOT already defined
Notice on line 3 in file /home/ubuntu/workspace/Projecte_1.0/modules/frontend_products/model/model/frontend_products_model.class.singleton.php
 | frontend_products | response 200
27/10/16 05:07:51 PM | ERROR: [8] Constant SITE_ROOT already defined
Notice on line 3 in file /home/ubuntu/workspace/Projecte_1.0/modules/frontend_products/model/BLL/frontend_products_bll.class.singleton.php
 | frontend_products | response 200
27/10/16 05:07:51 PM | ERROR: [8] Constant SITE_ROOT already defined
Notice on line 3 in file /home/ubuntu/workspace/Projecte_1.0/model/Conf.class.singleton.php
 | frontend_products | response 200
27/10/16 05:07:51 PM | ERROR: [8] Constant MODEL_PATH already defined
Notice on line 4 in file /home/ubuntu/workspace/Projecte_1.0/model/Conf.class.singleton.php
 | frontend_products | response 200
27/10/16 05:15:07 PM | ERROR: [8] Constant SITE_ROOT already defined
Notice on line 3 in file /home/ubuntu/workspace/Projecte_1.0/modules/frontend_products/model/model/frontend_products_model.class.singleton.php
 | frontend_products | response 200
27/10/16 05:15:07 PM | ERROR: [8] Constant SITE_ROOT already defined
Notice on line 3 in file /home/ubuntu/workspace/Projecte_1.0/modules/frontend_products/model/BLL/frontend_products_bll.class.singleton.php
 | frontend_products | response 200
27/10/16 05:15:07 PM | ERROR: [8] Constant SITE_ROOT already defined
Notice on line 3 in file /home/ubuntu/workspace/Projecte_1.0/model/Conf.class.singleton.php
 | frontend_products | response 200
27/10/16 05:15:07 PM | ERROR: [8] Constant MODEL_PATH already defined
Notice on line 4 in file /home/ubuntu/workspace/Projecte_1.0/model/Conf.class.singleton.php
 | frontend_products | response 200
27/10/16 05:15:08 PM | ERROR: [8] Constant SITE_ROOT already defined
Notice on line 3 in file /home/ubuntu/workspace/Projecte_1.0/modules/frontend_products/model/model/frontend_products_model.class.singleton.php
 | frontend_products | response 200
27/10/16 05:15:08 PM | ERROR: [8] Constant SITE_ROOT already defined
Notice on line 3 in file /home/ubuntu/workspace/Projecte_1.0/modules/frontend_products/model/BLL/frontend_products_bll.class.singleton.php
 | frontend_products | response 200
27/10/16 05:15:08 PM | ERROR: [8] Constant SITE_ROOT already defined
Notice on line 3 in file /home/ubuntu/workspace/Projecte_1.0/model/Conf.class.singleton.php
 | frontend_products | response 200
27/10/16 05:15:08 PM | ERROR: [8] Constant MODEL_PATH already defined
Notice on line 4 in file /home/ubuntu/workspace/Projecte_1.0/model/Conf.class.singleton.php
 | frontend_products | response 200
27/10/16 05:15:42 PM | ERROR: [8] Constant SITE_ROOT already defined
Notice on line 3 in file /home/ubuntu/workspace/Projecte_1.0/modules/frontend_products/model/model/frontend_products_model.class.singleton.php
 | frontend_products | response 200
27/10/16 05:15:42 PM | ERROR: [8] Constant SITE_ROOT already defined
Notice on line 3 in file /home/ubuntu/workspace/Projecte_1.0/modules/frontend_products/model/BLL/frontend_products_bll.class.singleton.php
 | frontend_products | response 200
27/10/16 05:15:42 PM | ERROR: [8] Constant SITE_ROOT already defined
Notice on line 3 in file /home/ubuntu/workspace/Projecte_1.0/model/Conf.class.singleton.php
 | frontend_products | response 200
27/10/16 05:15:42 PM | ERROR: [8] Constant MODEL_PATH already defined
Notice on line 4 in file /home/ubuntu/workspace/Projecte_1.0/model/Conf.class.singleton.php
 | frontend_products | response 200
27/10/16 05:15:43 PM | ERROR: [8] Constant SITE_ROOT already defined
Notice on line 3 in file /home/ubuntu/workspace/Projecte_1.0/modules/frontend_products/model/model/frontend_products_model.class.singleton.php
 | frontend_products | response 200
27/10/16 05:15:43 PM | ERROR: [8] Constant SITE_ROOT already defined
Notice on line 3 in file /home/ubuntu/workspace/Projecte_1.0/modules/frontend_products/model/BLL/frontend_products_bll.class.singleton.php
 | frontend_products | response 200
27/10/16 05:15:43 PM | ERROR: [8] Constant SITE_ROOT already defined
Notice on line 3 in file /home/ubuntu/workspace/Projecte_1.0/model/Conf.class.singleton.php
 | frontend_products | response 200
27/10/16 05:15:43 PM | ERROR: [8] Constant MODEL_PATH already defined
Notice on line 4 in file /home/ubuntu/workspace/Projecte_1.0/model/Conf.class.singleton.php
 | frontend_products | response 200
27/10/16 05:17:09 PM | ERROR: [8] Constant SITE_ROOT already defined
Notice on line 3 in file /home/ubuntu/workspace/Projecte_1.0/modules/frontend_products/model/model/frontend_products_model.class.singleton.php
 | frontend_products | response 200
27/10/16 05:17:09 PM | ERROR: [8] Constant SITE_ROOT already defined
Notice on line 3 in file /home/ubuntu/workspace/Projecte_1.0/modules/frontend_products/model/BLL/frontend_products_bll.class.singleton.php
 | frontend_products | response 200
27/10/16 05:17:09 PM | ERROR: [8] Constant SITE_ROOT already defined
Notice on line 3 in file /home/ubuntu/workspace/Projecte_1.0/model/Conf.class.singleton.php
 | frontend_products | response 200
27/10/16 05:17:09 PM | ERROR: [8] Constant MODEL_PATH already defined
Notice on line 4 in file /home/ubuntu/workspace/Projecte_1.0/model/Conf.class.singleton.php
 | frontend_products | response 200
27/10/16 05:17:09 PM | ERROR: [8] Constant SITE_ROOT already defined
Notice on line 3 in file /home/ubuntu/workspace/Projecte_1.0/modules/frontend_products/model/model/frontend_products_model.class.singleton.php
 | frontend_products | response 200
27/10/16 05:17:09 PM | ERROR: [8] Constant SITE_ROOT already defined
Notice on line 3 in file /home/ubuntu/workspace/Projecte_1.0/modules/frontend_products/model/BLL/frontend_products_bll.class.singleton.php
 | frontend_products | response 200
27/10/16 05:17:09 PM | ERROR: [8] Constant SITE_ROOT already defined
Notice on line 3 in file /home/ubuntu/workspace/Projecte_1.0/model/Conf.class.singleton.php
 | frontend_products | response 200
27/10/16 05:17:09 PM | ERROR: [8] Constant MODEL_PATH already defined
Notice on line 4 in file /home/ubuntu/workspace/Projecte_1.0/model/Conf.class.singleton.php
 | frontend_products | response 200
27/10/16 05:17:13 PM | ERROR: [8] Constant SITE_ROOT already defined
Notice on line 3 in file /home/ubuntu/workspace/Projecte_1.0/modules/frontend_products/model/model/frontend_products_model.class.singleton.php
 | frontend_products | response 200
27/10/16 05:17:13 PM | ERROR: [8] Constant SITE_ROOT already defined
Notice on line 3 in file /home/ubuntu/workspace/Projecte_1.0/modules/frontend_products/model/BLL/frontend_products_bll.class.singleton.php
 | frontend_products | response 200
27/10/16 05:17:13 PM | ERROR: [8] Constant SITE_ROOT already defined
Notice on line 3 in file /home/ubuntu/workspace/Projecte_1.0/model/Conf.class.singleton.php
 | frontend_products | response 200
27/10/16 05:17:13 PM | ERROR: [8] Constant MODEL_PATH already defined
Notice on line 4 in file /home/ubuntu/workspace/Projecte_1.0/model/Conf.class.singleton.php
 | frontend_products | response 200
27/10/16 05:17:19 PM | ERROR: [8] Constant SITE_ROOT already defined
Notice on line 3 in file /home/ubuntu/workspace/Projecte_1.0/modules/frontend_products/model/model/frontend_products_model.class.singleton.php
 | frontend_products | response 200
27/10/16 05:17:19 PM | ERROR: [8] Constant SITE_ROOT already defined
Notice on line 3 in file /home/ubuntu/workspace/Projecte_1.0/modules/frontend_products/model/BLL/frontend_products_bll.class.singleton.php
 | frontend_products | response 200
27/10/16 05:17:19 PM | ERROR: [8] Constant SITE_ROOT already defined
Notice on line 3 in file /home/ubuntu/workspace/Projecte_1.0/model/Conf.class.singleton.php
 | frontend_products | response 200
27/10/16 05:17:19 PM | ERROR: [8] Constant MODEL_PATH already defined
Notice on line 4 in file /home/ubuntu/workspace/Projecte_1.0/model/Conf.class.singleton.php
 | frontend_products | response 200
27/10/16 05:17:21 PM | ERROR: [8] Constant SITE_ROOT already defined
Notice on line 3 in file /home/ubuntu/workspace/Projecte_1.0/modules/frontend_products/model/model/frontend_products_model.class.singleton.php
 | frontend_products | response 200
27/10/16 05:17:21 PM | ERROR: [8] Constant SITE_ROOT already defined
Notice on line 3 in file /home/ubuntu/workspace/Projecte_1.0/modules/frontend_products/model/BLL/frontend_products_bll.class.singleton.php
 | frontend_products | response 200
27/10/16 05:17:21 PM | ERROR: [8] Constant SITE_ROOT already defined
Notice on line 3 in file /home/ubuntu/workspace/Projecte_1.0/model/Conf.class.singleton.php
 | frontend_products | response 200
27/10/16 05:17:21 PM | ERROR: [8] Constant MODEL_PATH already defined
Notice on line 4 in file /home/ubuntu/workspace/Projecte_1.0/model/Conf.class.singleton.php
 | frontend_products | response 200
27/10/16 05:17:21 PM | ERROR: [8] Constant SITE_ROOT already defined
Notice on line 3 in file /home/ubuntu/workspace/Projecte_1.0/modules/frontend_products/model/model/frontend_products_model.class.singleton.php
 | frontend_products | response 200
27/10/16 05:17:21 PM | ERROR: [8] Constant SITE_ROOT already defined
Notice on line 3 in file /home/ubuntu/workspace/Projecte_1.0/modules/frontend_products/model/BLL/frontend_products_bll.class.singleton.php
 | frontend_products | response 200
27/10/16 05:17:21 PM | ERROR: [8] Constant SITE_ROOT already defined
Notice on line 3 in file /home/ubuntu/workspace/Projecte_1.0/model/Conf.class.singleton.php
 | frontend_products | response 200
27/10/16 05:17:21 PM | ERROR: [8] Constant MODEL_PATH already defined
Notice on line 4 in file /home/ubuntu/workspace/Projecte_1.0/model/Conf.class.singleton.php
 | frontend_products | response 200
27/10/16 05:17:32 PM | ERROR: [8] Constant SITE_ROOT already defined
Notice on line 3 in file /home/ubuntu/workspace/Projecte_1.0/modules/frontend_products/model/model/frontend_products_model.class.singleton.php
 | frontend_products | response 200
27/10/16 05:17:32 PM | ERROR: [8] Constant SITE_ROOT already defined
Notice on line 3 in file /home/ubuntu/workspace/Projecte_1.0/modules/frontend_products/model/BLL/frontend_products_bll.class.singleton.php
 | frontend_products | response 200
27/10/16 05:17:32 PM | ERROR: [8] Constant SITE_ROOT already defined
Notice on line 3 in file /home/ubuntu/workspace/Projecte_1.0/model/Conf.class.singleton.php
 | frontend_products | response 200
27/10/16 05:17:32 PM | ERROR: [8] Constant MODEL_PATH already defined
Notice on line 4 in file /home/ubuntu/workspace/Projecte_1.0/model/Conf.class.singleton.php
 | frontend_products | response 200
27/10/16 05:17:35 PM | ERROR: [8] Constant SITE_ROOT already defined
Notice on line 3 in file /home/ubuntu/workspace/Projecte_1.0/modules/frontend_products/model/model/frontend_products_model.class.singleton.php
 | frontend_products | response 200
27/10/16 05:17:35 PM | ERROR: [8] Constant SITE_ROOT already defined
Notice on line 3 in file /home/ubuntu/workspace/Projecte_1.0/modules/frontend_products/model/BLL/frontend_products_bll.class.singleton.php
 | frontend_products | response 200
27/10/16 05:17:35 PM | ERROR: [8] Constant SITE_ROOT already defined
Notice on line 3 in file /home/ubuntu/workspace/Projecte_1.0/model/Conf.class.singleton.php
 | frontend_products | response 200
27/10/16 05:17:35 PM | ERROR: [8] Constant MODEL_PATH already defined
Notice on line 4 in file /home/ubuntu/workspace/Projecte_1.0/model/Conf.class.singleton.php
 | frontend_products | response 200
31/10/16 04:58:42 PM | ERROR: [8] Constant SITE_ROOT already defined
Notice on line 3 in file /home/ubuntu/workspace/Projecte_1.0/modules/frontend_products/model/model/frontend_products_model.class.singleton.php
 | frontend_products | response 200
31/10/16 04:58:42 PM | ERROR: [8] Constant SITE_ROOT already defined
Notice on line 3 in file /home/ubuntu/workspace/Projecte_1.0/modules/frontend_products/model/BLL/frontend_products_bll.class.singleton.php
 | frontend_products | response 200
31/10/16 04:58:42 PM | ERROR: [8] Constant SITE_ROOT already defined
Notice on line 3 in file /home/ubuntu/workspace/Projecte_1.0/model/Conf.class.singleton.php
 | frontend_products | response 200
31/10/16 04:58:42 PM | ERROR: [8] Constant MODEL_PATH already defined
Notice on line 4 in file /home/ubuntu/workspace/Projecte_1.0/model/Conf.class.singleton.php
 | frontend_products | response 200
31/10/16 04:58:42 PM | ERROR: [8] Constant SITE_ROOT already defined
Notice on line 3 in file /home/ubuntu/workspace/Projecte_1.0/modules/frontend_products/model/model/frontend_products_model.class.singleton.php
 | frontend_products | response 200
31/10/16 04:58:42 PM | ERROR: [8] Constant SITE_ROOT already defined
Notice on line 3 in file /home/ubuntu/workspace/Projecte_1.0/modules/frontend_products/model/BLL/frontend_products_bll.class.singleton.php
 | frontend_products | response 200
31/10/16 04:58:42 PM | ERROR: [8] Constant SITE_ROOT already defined
Notice on line 3 in file /home/ubuntu/workspace/Projecte_1.0/model/Conf.class.singleton.php
 | frontend_products | response 200
31/10/16 04:58:42 PM | ERROR: [8] Constant MODEL_PATH already defined
Notice on line 4 in file /home/ubuntu/workspace/Projecte_1.0/model/Conf.class.singleton.php
 | frontend_products | response 200
31/10/16 04:58:45 PM | ERROR: [8] Constant SITE_ROOT already defined
Notice on line 3 in file /home/ubuntu/workspace/Projecte_1.0/modules/frontend_products/model/model/frontend_products_model.class.singleton.php
 | frontend_products | response 200
31/10/16 04:58:45 PM | ERROR: [8] Constant SITE_ROOT already defined
Notice on line 3 in file /home/ubuntu/workspace/Projecte_1.0/modules/frontend_products/model/BLL/frontend_products_bll.class.singleton.php
 | frontend_products | response 200
31/10/16 04:58:45 PM | ERROR: [8] Constant SITE_ROOT already defined
Notice on line 3 in file /home/ubuntu/workspace/Projecte_1.0/model/Conf.class.singleton.php
 | frontend_products | response 200
31/10/16 04:58:45 PM | ERROR: [8] Constant MODEL_PATH already defined
Notice on line 4 in file /home/ubuntu/workspace/Projecte_1.0/model/Conf.class.singleton.php
 | frontend_products | response 200
31/10/16 05:14:21 PM | ERROR: [8] Constant SITE_ROOT already defined
Notice on line 3 in file /home/ubuntu/workspace/Projecte_1.0/modules/frontend_products/model/model/frontend_products_model.class.singleton.php
 | frontend_products | response 200
31/10/16 05:14:21 PM | ERROR: [8] Constant SITE_ROOT already defined
Notice on line 3 in file /home/ubuntu/workspace/Projecte_1.0/modules/frontend_products/model/BLL/frontend_products_bll.class.singleton.php
 | frontend_products | response 200
31/10/16 05:14:21 PM | ERROR: [8] Constant SITE_ROOT already defined
Notice on line 3 in file /home/ubuntu/workspace/Projecte_1.0/model/Conf.class.singleton.php
 | frontend_products | response 200
31/10/16 05:14:21 PM | ERROR: [8] Constant MODEL_PATH already defined
Notice on line 4 in file /home/ubuntu/workspace/Projecte_1.0/model/Conf.class.singleton.php
 | frontend_products | response 200
31/10/16 05:14:21 PM | ERROR: [8] Constant SITE_ROOT already defined
Notice on line 3 in file /home/ubuntu/workspace/Projecte_1.0/modules/frontend_products/model/model/frontend_products_model.class.singleton.php
 | frontend_products | response 200
31/10/16 05:14:21 PM | ERROR: [8] Constant SITE_ROOT already defined
Notice on line 3 in file /home/ubuntu/workspace/Projecte_1.0/modules/frontend_products/model/BLL/frontend_products_bll.class.singleton.php
 | frontend_products | response 200
31/10/16 05:14:21 PM | ERROR: [8] Constant SITE_ROOT already defined
Notice on line 3 in file /home/ubuntu/workspace/Projecte_1.0/model/Conf.class.singleton.php
 | frontend_products | response 200
31/10/16 05:14:21 PM | ERROR: [8] Constant MODEL_PATH already defined
Notice on line 4 in file /home/ubuntu/workspace/Projecte_1.0/model/Conf.class.singleton.php
 | frontend_products | response 200
31/10/16 05:14:29 PM | ERROR: [8] Constant SITE_ROOT already defined
Notice on line 3 in file /home/ubuntu/workspace/Projecte_1.0/modules/frontend_products/model/model/frontend_products_model.class.singleton.php
 | frontend_products | response 200
31/10/16 05:14:29 PM | ERROR: [8] Constant SITE_ROOT already defined
Notice on line 3 in file /home/ubuntu/workspace/Projecte_1.0/modules/frontend_products/model/BLL/frontend_products_bll.class.singleton.php
 | frontend_products | response 200
31/10/16 05:14:29 PM | ERROR: [8] Constant SITE_ROOT already defined
Notice on line 3 in file /home/ubuntu/workspace/Projecte_1.0/model/Conf.class.singleton.php
 | frontend_products | response 200
31/10/16 05:14:29 PM | ERROR: [8] Constant MODEL_PATH already defined
Notice on line 4 in file /home/ubuntu/workspace/Projecte_1.0/model/Conf.class.singleton.php
 | frontend_products | response 200
01/11/16 03:24:00 PM | ERROR: [8] Constant SITE_ROOT already defined
Notice on line 3 in file /home/ubuntu/workspace/Projecte_1.0/modules/frontend_products/model/model/frontend_products_model.class.singleton.php
 | frontend_products | response 200
01/11/16 03:24:00 PM | ERROR: [8] Constant SITE_ROOT already defined
Notice on line 3 in file /home/ubuntu/workspace/Projecte_1.0/modules/frontend_products/model/BLL/frontend_products_bll.class.singleton.php
 | frontend_products | response 200
01/11/16 03:24:00 PM | ERROR: [8] Constant SITE_ROOT already defined
Notice on line 3 in file /home/ubuntu/workspace/Projecte_1.0/model/Conf.class.singleton.php
 | frontend_products | response 200
01/11/16 03:24:00 PM | ERROR: [8] Constant MODEL_PATH already defined
Notice on line 4 in file /home/ubuntu/workspace/Projecte_1.0/model/Conf.class.singleton.php
 | frontend_products | response 200
01/11/16 03:24:02 PM | ERROR: [8] Constant SITE_ROOT already defined
Notice on line 3 in file /home/ubuntu/workspace/Projecte_1.0/modules/frontend_products/model/model/frontend_products_model.class.singleton.php
 | frontend_products | response 200
01/11/16 03:24:02 PM | ERROR: [8] Constant SITE_ROOT already defined
Notice on line 3 in file /home/ubuntu/workspace/Projecte_1.0/modules/frontend_products/model/BLL/frontend_products_bll.class.singleton.php
 | frontend_products | response 200
01/11/16 03:24:02 PM | ERROR: [8] Constant SITE_ROOT already defined
Notice on line 3 in file /home/ubuntu/workspace/Projecte_1.0/model/Conf.class.singleton.php
 | frontend_products | response 200
01/11/16 03:24:02 PM | ERROR: [8] Constant MODEL_PATH already defined
Notice on line 4 in file /home/ubuntu/workspace/Projecte_1.0/model/Conf.class.singleton.php
 | frontend_products | response 200
01/11/16 03:24:05 PM | ERROR: [8] Constant SITE_ROOT already defined
Notice on line 3 in file /home/ubuntu/workspace/Projecte_1.0/modules/frontend_products/model/model/frontend_products_model.class.singleton.php
 | frontend_products | response 200
01/11/16 03:24:05 PM | ERROR: [8] Constant SITE_ROOT already defined
Notice on line 3 in file /home/ubuntu/workspace/Projecte_1.0/modules/frontend_products/model/BLL/frontend_products_bll.class.singleton.php
 | frontend_products | response 200
01/11/16 03:24:05 PM | ERROR: [8] Constant SITE_ROOT already defined
Notice on line 3 in file /home/ubuntu/workspace/Projecte_1.0/model/Conf.class.singleton.php
 | frontend_products | response 200
01/11/16 03:24:05 PM | ERROR: [8] Constant MODEL_PATH already defined
Notice on line 4 in file /home/ubuntu/workspace/Projecte_1.0/model/Conf.class.singleton.php
 | frontend_products | response 200
01/11/16 03:24:17 PM | ERROR: [8] Constant SITE_ROOT already defined
Notice on line 3 in file /home/ubuntu/workspace/Projecte_1.0/modules/frontend_products/model/model/frontend_products_model.class.singleton.php
 | frontend_products | response 200
01/11/16 03:24:17 PM | ERROR: [8] Constant SITE_ROOT already defined
Notice on line 3 in file /home/ubuntu/workspace/Projecte_1.0/modules/frontend_products/model/BLL/frontend_products_bll.class.singleton.php
 | frontend_products | response 200
01/11/16 03:24:17 PM | ERROR: [8] Constant SITE_ROOT already defined
Notice on line 3 in file /home/ubuntu/workspace/Projecte_1.0/model/Conf.class.singleton.php
 | frontend_products | response 200
01/11/16 03:24:17 PM | ERROR: [8] Constant MODEL_PATH already defined
Notice on line 4 in file /home/ubuntu/workspace/Projecte_1.0/model/Conf.class.singleton.php
 | frontend_products | response 200
01/11/16 03:24:18 PM | ERROR: [8] Constant SITE_ROOT already defined
Notice on line 3 in file /home/ubuntu/workspace/Projecte_1.0/modules/frontend_products/model/model/frontend_products_model.class.singleton.php
 | frontend_products | response 200
01/11/16 03:24:18 PM | ERROR: [8] Constant SITE_ROOT already defined
Notice on line 3 in file /home/ubuntu/workspace/Projecte_1.0/modules/frontend_products/model/BLL/frontend_products_bll.class.singleton.php
 | frontend_products | response 200
01/11/16 03:24:18 PM | ERROR: [8] Constant SITE_ROOT already defined
Notice on line 3 in file /home/ubuntu/workspace/Projecte_1.0/model/Conf.class.singleton.php
 | frontend_products | response 200
01/11/16 03:24:18 PM | ERROR: [8] Constant MODEL_PATH already defined
Notice on line 4 in file /home/ubuntu/workspace/Projecte_1.0/model/Conf.class.singleton.php
 | frontend_products | response 200
02/11/16 06:41:16 PM | ERROR: [8] Constant SITE_ROOT already defined
Notice on line 3 in file /home/ubuntu/workspace/Projecte_1.0/modules/frontend_products/model/model/frontend_products_model.class.singleton.php
 | frontend_products | response 200
02/11/16 06:41:16 PM | ERROR: [8] Constant SITE_ROOT already defined
Notice on line 3 in file /home/ubuntu/workspace/Projecte_1.0/modules/frontend_products/model/BLL/frontend_products_bll.class.singleton.php
 | frontend_products | response 200
02/11/16 06:41:16 PM | ERROR: [8] Constant SITE_ROOT already defined
Notice on line 3 in file /home/ubuntu/workspace/Projecte_1.0/model/Conf.class.singleton.php
 | frontend_products | response 200
02/11/16 06:41:16 PM | ERROR: [8] Constant MODEL_PATH already defined
Notice on line 4 in file /home/ubuntu/workspace/Projecte_1.0/model/Conf.class.singleton.php
 | frontend_products | response 200
02/11/16 06:41:17 PM | ERROR: [8] Constant SITE_ROOT already defined
Notice on line 3 in file /home/ubuntu/workspace/Projecte_1.0/modules/frontend_products/model/model/frontend_products_model.class.singleton.php
 | frontend_products | response 200
02/11/16 06:41:17 PM | ERROR: [8] Constant SITE_ROOT already defined
Notice on line 3 in file /home/ubuntu/workspace/Projecte_1.0/modules/frontend_products/model/BLL/frontend_products_bll.class.singleton.php
 | frontend_products | response 200
02/11/16 06:41:17 PM | ERROR: [8] Constant SITE_ROOT already defined
Notice on line 3 in file /home/ubuntu/workspace/Projecte_1.0/model/Conf.class.singleton.php
 | frontend_products | response 200
02/11/16 06:41:17 PM | ERROR: [8] Constant MODEL_PATH already defined
Notice on line 4 in file /home/ubuntu/workspace/Projecte_1.0/model/Conf.class.singleton.php
 | frontend_products | response 200
02/11/16 06:41:22 PM | ERROR: [8] Constant SITE_ROOT already defined
Notice on line 3 in file /home/ubuntu/workspace/Projecte_1.0/modules/frontend_products/model/model/frontend_products_model.class.singleton.php
 | frontend_products | response 200
02/11/16 06:41:22 PM | ERROR: [8] Constant SITE_ROOT already defined
Notice on line 3 in file /home/ubuntu/workspace/Projecte_1.0/modules/frontend_products/model/BLL/frontend_products_bll.class.singleton.php
 | frontend_products | response 200
02/11/16 06:41:22 PM | ERROR: [8] Constant SITE_ROOT already defined
Notice on line 3 in file /home/ubuntu/workspace/Projecte_1.0/model/Conf.class.singleton.php
 | frontend_products | response 200
02/11/16 06:41:22 PM | ERROR: [8] Constant MODEL_PATH already defined
Notice on line 4 in file /home/ubuntu/workspace/Projecte_1.0/model/Conf.class.singleton.php
 | frontend_products | response 200
02/11/16 06:41:24 PM | ERROR: [8] Constant SITE_ROOT already defined
Notice on line 3 in file /home/ubuntu/workspace/Projecte_1.0/modules/frontend_products/model/model/frontend_products_model.class.singleton.php
 | frontend_products | response 200
02/11/16 06:41:24 PM | ERROR: [8] Constant SITE_ROOT already defined
Notice on line 3 in file /home/ubuntu/workspace/Projecte_1.0/modules/frontend_products/model/BLL/frontend_products_bll.class.singleton.php
 | frontend_products | response 200
02/11/16 06:41:24 PM | ERROR: [8] Constant SITE_ROOT already defined
Notice on line 3 in file /home/ubuntu/workspace/Projecte_1.0/model/Conf.class.singleton.php
 | frontend_products | response 200
02/11/16 06:41:24 PM | ERROR: [8] Constant MODEL_PATH already defined
Notice on line 4 in file /home/ubuntu/workspace/Projecte_1.0/model/Conf.class.singleton.php
 | frontend_products | response 200
02/11/16 06:41:31 PM | ERROR: [8] Constant SITE_ROOT already defined
Notice on line 3 in file /home/ubuntu/workspace/Projecte_1.0/modules/frontend_products/model/model/frontend_products_model.class.singleton.php
 | frontend_products | response 200
02/11/16 06:41:31 PM | ERROR: [8] Constant SITE_ROOT already defined
Notice on line 3 in file /home/ubuntu/workspace/Projecte_1.0/modules/frontend_products/model/BLL/frontend_products_bll.class.singleton.php
 | frontend_products | response 200
02/11/16 06:41:31 PM | ERROR: [8] Constant SITE_ROOT already defined
Notice on line 3 in file /home/ubuntu/workspace/Projecte_1.0/model/Conf.class.singleton.php
 | frontend_products | response 200
02/11/16 06:41:31 PM | ERROR: [8] Constant MODEL_PATH already defined
Notice on line 4 in file /home/ubuntu/workspace/Projecte_1.0/model/Conf.class.singleton.php
 | frontend_products | response 200
02/11/16 06:41:35 PM | ERROR: [8] Constant SITE_ROOT already defined
Notice on line 3 in file /home/ubuntu/workspace/Projecte_1.0/modules/frontend_products/model/model/frontend_products_model.class.singleton.php
 | frontend_products | response 200
02/11/16 06:41:35 PM | ERROR: [8] Constant SITE_ROOT already defined
Notice on line 3 in file /home/ubuntu/workspace/Projecte_1.0/modules/frontend_products/model/BLL/frontend_products_bll.class.singleton.php
 | frontend_products | response 200
02/11/16 06:41:35 PM | ERROR: [8] Constant SITE_ROOT already defined
Notice on line 3 in file /home/ubuntu/workspace/Projecte_1.0/model/Conf.class.singleton.php
 | frontend_products | response 200
02/11/16 06:41:35 PM | ERROR: [8] Constant MODEL_PATH already defined
Notice on line 4 in file /home/ubuntu/workspace/Projecte_1.0/model/Conf.class.singleton.php
 | frontend_products | response 200
02/11/16 06:42:54 PM | ERROR: [8] Constant SITE_ROOT already defined
Notice on line 3 in file /home/ubuntu/workspace/Projecte_1.0/modules/frontend_products/model/model/frontend_products_model.class.singleton.php
 | frontend_products | response 200
02/11/16 06:42:54 PM | ERROR: [8] Constant SITE_ROOT already defined
Notice on line 3 in file /home/ubuntu/workspace/Projecte_1.0/modules/frontend_products/model/BLL/frontend_products_bll.class.singleton.php
 | frontend_products | response 200
02/11/16 06:42:54 PM | ERROR: [8] Constant SITE_ROOT already defined
Notice on line 3 in file /home/ubuntu/workspace/Projecte_1.0/model/Conf.class.singleton.php
 | frontend_products | response 200
02/11/16 06:42:54 PM | ERROR: [8] Constant MODEL_PATH already defined
Notice on line 4 in file /home/ubuntu/workspace/Projecte_1.0/model/Conf.class.singleton.php
 | frontend_products | response 200
02/11/16 06:42:54 PM | ERROR: [8] Constant SITE_ROOT already defined
Notice on line 3 in file /home/ubuntu/workspace/Projecte_1.0/modules/frontend_products/model/model/frontend_products_model.class.singleton.php
 | frontend_products | response 200
02/11/16 06:42:54 PM | ERROR: [8] Constant SITE_ROOT already defined
Notice on line 3 in file /home/ubuntu/workspace/Projecte_1.0/modules/frontend_products/model/BLL/frontend_products_bll.class.singleton.php
 | frontend_products | response 200
02/11/16 06:42:54 PM | ERROR: [8] Constant SITE_ROOT already defined
Notice on line 3 in file /home/ubuntu/workspace/Projecte_1.0/model/Conf.class.singleton.php
 | frontend_products | response 200
02/11/16 06:42:54 PM | ERROR: [8] Constant MODEL_PATH already defined
Notice on line 4 in file /home/ubuntu/workspace/Projecte_1.0/model/Conf.class.singleton.php
 | frontend_products | response 200
02/11/16 06:44:42 PM | ERROR: [8] Constant SITE_ROOT already defined
Notice on line 3 in file /home/ubuntu/workspace/Projecte_1.0/modules/frontend_products/model/model/frontend_products_model.class.singleton.php
 | frontend_products | response 200
02/11/16 06:44:42 PM | ERROR: [8] Constant SITE_ROOT already defined
Notice on line 3 in file /home/ubuntu/workspace/Projecte_1.0/modules/frontend_products/model/BLL/frontend_products_bll.class.singleton.php
 | frontend_products | response 200
02/11/16 06:44:42 PM | ERROR: [8] Constant SITE_ROOT already defined
Notice on line 3 in file /home/ubuntu/workspace/Projecte_1.0/model/Conf.class.singleton.php
 | frontend_products | response 200
02/11/16 06:44:42 PM | ERROR: [8] Constant MODEL_PATH already defined
Notice on line 4 in file /home/ubuntu/workspace/Projecte_1.0/model/Conf.class.singleton.php
 | frontend_products | response 200
02/11/16 06:44:42 PM | ERROR: [8] Constant SITE_ROOT already defined
Notice on line 3 in file /home/ubuntu/workspace/Projecte_1.0/modules/frontend_products/model/model/frontend_products_model.class.singleton.php
 | frontend_products | response 200
02/11/16 06:44:42 PM | ERROR: [8] Constant SITE_ROOT already defined
Notice on line 3 in file /home/ubuntu/workspace/Projecte_1.0/modules/frontend_products/model/BLL/frontend_products_bll.class.singleton.php
 | frontend_products | response 200
02/11/16 06:44:42 PM | ERROR: [8] Constant SITE_ROOT already defined
Notice on line 3 in file /home/ubuntu/workspace/Projecte_1.0/model/Conf.class.singleton.php
 | frontend_products | response 200
02/11/16 06:44:42 PM | ERROR: [8] Constant MODEL_PATH already defined
Notice on line 4 in file /home/ubuntu/workspace/Projecte_1.0/model/Conf.class.singleton.php
 | frontend_products | response 200
